Arguments: 
  C:\Program Files\nodejs\node.exe C:\Program Files (x86)\Yarn\bin\yarn.js add react-hot-toast

PATH: 
  C:\Program Files\AdoptOpenJDK\jdk-11.0.7.10-hotspot\bin;C:\WINDOWS\system32;C:\WINDOWS;C:\WINDOWS\System32\Wbem;C:\WINDOWS\System32\WindowsPowerShell\v1.0\;C:\WINDOWS\System32\OpenSSH\;C:\Program Files\Apache\Maven\bin;C:\Program Files\Git\cmd;C:\Program Files\Java\jdk-11.0.7.10-hotspot\bin;;C:\Program Files\Docker\Docker\resources\bin;C:\ProgramData\DockerDesktop\version-bin;C:\ProgramData\chocolatey\bin;C:\Program Files (x86)\Yarn\bin\;C:\Program Files\nodejs\;C:\Users\Cassia Maria\AppData\Local\Microsoft\WindowsApps;C:\Users\Cassia Maria\AppData\Local\Yarn\bin;C:\Users\Cassia Maria\AppData\Local\GitHubDesktop\bin;C:\Users\Cassia Maria\AppData\Local\Programs\Microsoft VS Code\bin;C:\Users\Cassia Maria\AppData\Roaming\npm

Yarn version: 
  1.22.5

Node version: 
  16.13.1

Platform: 
  win32 x64

Trace: 
  Error: EPERM: operation not permitted, unlink 'C:\reddit\vite-project\node_modules\esbuild-windows-64\esbuild.exe'

npm manifest: 
  {
    "name": "vite-project",
    "version": "0.0.0",
    "scripts": {
      "dev": "vite",
      "build": "tsc && vite build",
      "preview": "vite preview"
    },
    "dependencies": {
      "axios": "^0.25.0",
      "react": "^17.0.2",
      "react-dom": "^17.0.2",
      "react-loading": "^2.0.3",
      "react-switch": "^6.0.0",
      "styled-components": "^5.3.3"
    },
    "devDependencies": {
      "@types/react": "^17.0.33",
      "@types/react-dom": "^17.0.10",
      "@types/styled-components": "^5.1.22",
      "@vitejs/plugin-react": "^1.0.7",
      "typescript": "^4.4.4",
      "vite": "^2.7.2"
    }
  }

yarn manifest: 
  No manifest

Lockfile: 
  No lockfile
